Build started 4/19/2017 7:58:06 AM.
     1>Project "c:\Users\hafizhamza\documents\visual studio 2010\Projects\2d\2d\2d.vcxproj" on node 2 (build target(s)).
     1>InitializeBuildStatus:
         Touching "Debug\2d.unsuccessfulbuild".
       ClCompile:
         C:\Program Files (x86)\Microsoft Visual Studio 10.0\VC\bin\CL.exe /c /ZI /nologo /W3 /WX- /Od /Oy- /D _MBCS /Gm /EHsc /RTC1 /MDd /GS /fp:precise /Zc:wchar_t /Zc:forScope /Fo"Debug\\" /Fd"Debug\vc100.pdb" /Gd /TP /analyze- /errorReport:prompt 2d.cpp
         2d.cpp
     1>c:\users\hafizhamza\documents\visual studio 2010\projects\2d\2d\2d.cpp(5): error C2146: syntax error : missing ';' before identifier 'std'
     1>c:\users\hafizhamza\documents\visual studio 2010\projects\2d\2d\2d.cpp(5): error C4430: missing type specifier - int assumed. Note: C++ does not support default-int
     1>c:\users\hafizhamza\documents\visual studio 2010\projects\2d\2d\2d.cpp(5): error C4430: missing type specifier - int assumed. Note: C++ does not support default-int
     1>c:\users\hafizhamza\documents\visual studio 2010\projects\2d\2d\2d.cpp(5): error C2365: 'std' : redefinition; previous definition was 'namespace'
     1>Done Building Project "c:\Users\hafizhamza\documents\visual studio 2010\Projects\2d\2d\2d.vcxproj" (build target(s)) -- FAILED.

Build FAILED.

Time Elapsed 00:00:00.40
